#
# There is insufficient memory for the Java Runtime Environment to continue.
# Native memory allocation (mmap) failed to map 132120576 bytes for Failed to commit area from 0x0000000083800000 to 0x000000008b600000 of length 132120576.
# Possible reasons:
#   The system is out of physical RAM or swap space
#   The process is running with CompressedOops enabled, and the Java Heap may be blocking the growth of the native heap
# Possible solutions:
#   Reduce memory load on the system
#   Increase physical memory or swap space
#   Check if swap backing store is full
#   Decrease Java heap size (-Xmx/-Xms)
#   Decrease number of Java threads
#   Decrease Java thread stack sizes (-Xss)
#   Set larger code cache with -XX:ReservedCodeCacheSize=
# This output file may be truncated or incomplete.
#
#  Out of Memory Error (./src/hotspot/os/windows/os_windows.cpp:3311), pid=21544, tid=11348
#
# JRE version:  (11.0.12+7) (build )
# Java VM: OpenJDK 64-Bit Server VM (11.0.12+7-LTS, mixed mode, sharing, tiered, compressed oops, g1 gc, windows-amd64)
# No core dump will be written. Minidumps are not enabled by default on client versions of Windows
#

---------------  S U M M A R Y ------------

Command Line: -Dmaven.multiModuleProjectDirectory=D:\Learning\GB\SPRING 2\4 to GIT\GBSpring2\spring-web -Dmaven.home=C:\Users\ekhaziev\.m2\wrapper\dists\apache-maven-3.8.3-bin\5a6n1u8or3307vo2u2jgmkhm0t\apache-maven-3.8.3 -Dclassworlds.conf=C:\Users\ekhaziev\.m2\wrapper\dists\apache-maven-3.8.3-bin\5a6n1u8or3307vo2u2jgmkhm0t\apache-maven-3.8.3\bin\m2.conf -Dmaven.ext.class.path=D:\JetBrains\IntelliJ IDEA 2021.3.1\plugins\maven\lib\maven-event-listener.jar -javaagent:D:\JetBrains\IntelliJ IDEA 2021.3.1\lib\idea_rt.jar=59396:D:\JetBrains\IntelliJ IDEA 2021.3.1\bin -Dfile.encoding=UTF-8 org.codehaus.classworlds.Launcher -Didea.version=2021.3.1 org.codehaus.mojo:jaxb2-maven-plugin:2.5.0:xjc

Host: Intel(R) Core(TM) i5-10210U CPU @ 1.60GHz, 8 cores, 7G,  Windows 10 , 64 bit Build 19041 (10.0.19041.1348)
Time: Sat Jan 22 01:13:26 2022 Omsk Standard Time elapsed time: 0.246232 seconds (0d 0h 0m 0s)

---------------  T H R E A D  ---------------

Current thread (0x000001c696f64000):  JavaThread "Unknown thread" [_thread_in_vm, id=11348, stack(0x0000005a82300000,0x0000005a82400000)]

Stack: [0x0000005a82300000,0x0000005a82400000]
Native frames: (J=compiled Java code, j=interpreted, Vv=VM code, C=native code)
V  [jvm.dll+0x601cea]
V  [jvm.dll+0x78ab4e]
V  [jvm.dll+0x78c21f]
V  [jvm.dll+0x78c8e3]
V  [jvm.dll+0x24be68]
V  [jvm.dll+0x5fee8a]
V  [jvm.dll+0x5f3945]
V  [jvm.dll+0x303aec]
V  [jvm.dll+0x303972]
V  [jvm.dll+0x308696]
V  [jvm.dll+0x34d55f]
V  [jvm.dll+0x34cf90]
V  [jvm.dll+0x2e0bf8]
V  [jvm.dll+0x2e1d56]
V  [jvm.dll+0x765ed7]
V  [jvm.dll+0x76765f]
V  [jvm.dll+0x35a2e9]
V  [jvm.dll+0x748f60]
V  [jvm.dll+0x3c1f1f]
V  [jvm.dll+0x3c43f1]
C  [jli.dll+0x5207]
C  [ucrtbase.dll+0x21bb2]
C  [KERNEL32.DLL+0x17034]
C  [ntdll.dll+0x52651]


---------------  P R O C E S S  ---------------

Threads class SMR info:
_java_thread_list=0x000001c694c532b0, length=0, elements={
}

Java Threads: ( => current thread )

Other Threads:
  0x000001c696f7e000 GCTaskThread "GC Thread#0" [stack: 0x0000005a82400000,0x0000005a82500000] [id=8552]
  0x000001c696fad000 ConcurrentGCThread "G1 Main Marker" [stack: 0x0000005a82500000,0x0000005a82600000] [id=7672]
  0x000001c696fae800 ConcurrentGCThread "G1 Conc#0" [stack: 0x0000005a82600000,0x0000005a82700000] [id=12004]

[error occurred during error reporting (printing all threads), id 0xc0000005, EXCEPTION_ACCESS_VIOLATION (0xc0000005) at pc=0x00007ffb29ad02c7]

VM state:not at safepoint (not fully initialized)

VM Mutex/Monitor currently owned by a thread:  ([mutex/lock_event])
[0x000001c696f607c0] Heap_lock - owner thread: 0x000001c696f64000

Heap address: 0x0000000083800000, size: 1992 MB, Compressed Oops mode: Non-zero based: 0x0000000083800000
Narrow klass base: 0x0000000000000000, Narrow klass shift: 0

GC Heap History (0 events):
No events

Deoptimization events (0 events):
No events

Classes redefined (0 events):
No events

Internal exceptions (0 events):
No events

Events (1 events):
Event: 0.215 Loaded shared library C:\Program Files\BellSoft\LibericaJDK-11\bin\zip.dll


Dynamic libraries:
0x00007ff608370000 - 0x00007ff60837d000 	C:\Program Files\BellSoft\LibericaJDK-11\bin\java.exe
0x00007ffb8e5b0000 - 0x00007ffb8e7a5000 	C:\WINDOWS\SYSTEM32\ntdll.dll
0x00007ffb8e240000 - 0x00007ffb8e2fe000 	C:\WINDOWS\System32\KERNEL32.DLL
0x00007ffb8bcc0000 - 0x00007ffb8bf88000 	C:\WINDOWS\System32\KERNELBASE.dll
0x00007ffb8c260000 - 0x00007ffb8c360000 	C:\WINDOWS\System32\ucrtbase.dll
0x00007ffb85c30000 - 0x00007ffb85c47000 	C:\Program Files\BellSoft\LibericaJDK-11\bin\jli.dll
0x00007ffb83d80000 - 0x00007ffb83d95000 	C:\Program Files\BellSoft\LibericaJDK-11\bin\VCRUNTIME140.dll
0x00007ffb8d2f0000 - 0x00007ffb8d491000 	C:\WINDOWS\System32\USER32.dll
0x00007ffb8c230000 - 0x00007ffb8c252000 	C:\WINDOWS\System32\win32u.dll
0x00007ffb706b0000 - 0x00007ffb7094a000 	C:\WINDOWS\WinSxS\amd64_microsoft.windows.common-controls_6595b64144ccf1df_6.0.19041.1110_none_60b5254171f9507e\COMCTL32.dll
0x00007ffb8da70000 - 0x00007ffb8da9b000 	C:\WINDOWS\System32\GDI32.dll
0x00007ffb8d9d0000 - 0x00007ffb8da6e000 	C:\WINDOWS\System32\msvcrt.dll
0x00007ffb8c080000 - 0x00007ffb8c18d000 	C:\WINDOWS\System32\gdi32full.dll
0x00007ffb8c190000 - 0x00007ffb8c22d000 	C:\WINDOWS\System32\msvcp_win.dll
0x00007ffb8d140000 - 0x00007ffb8d170000 	C:\WINDOWS\System32\IMM32.DLL
0x000001c694df0000 - 0x000001c694e03000 	C:\WINDOWS\System32\umppc14705.dll
0x0000000068000000 - 0x0000000068071000 	C:\WINDOWS\System32\QIPCAP64.dll
0x00007ffb8e4c0000 - 0x00007ffb8e56c000 	C:\WINDOWS\System32\ADVAPI32.dll
0x00007ffb8e070000 - 0x00007ffb8e10b000 	C:\WINDOWS\System32\sechost.dll
0x00007ffb8d010000 - 0x00007ffb8d13a000 	C:\WINDOWS\System32\RPCRT4.dll
0x00007ffb8c5f0000 - 0x00007ffb8cd34000 	C:\WINDOWS\System32\SHELL32.dll
0x00007ffb8b0f0000 - 0x00007ffb8b1bb000 	C:\WINDOWS\SYSTEM32\DNSAPI.dll
0x00007ffb8b0b0000 - 0x00007ffb8b0eb000 	C:\WINDOWS\SYSTEM32\IPHLPAPI.DLL
0x00007ffb8de90000 - 0x00007ffb8de98000 	C:\WINDOWS\System32\NSI.dll
0x00007ffb504a0000 - 0x00007ffb5053b000 	C:\Program Files\BellSoft\LibericaJDK-11\bin\msvcp140.dll
0x00007ffb297e0000 - 0x00007ffb2a33a000 	C:\Program Files\BellSoft\LibericaJDK-11\bin\server\jvm.dll
0x00007ffb8e3e0000 - 0x00007ffb8e3e8000 	C:\WINDOWS\System32\PSAPI.DLL
0x00007ffb775e0000 - 0x00007ffb775e9000 	C:\WINDOWS\SYSTEM32\WSOCK32.dll
0x00007ffb8e450000 - 0x00007ffb8e4bb000 	C:\WINDOWS\System32\WS2_32.dll
0x00007ffb88d00000 - 0x00007ffb88d27000 	C:\WINDOWS\SYSTEM32\WINMM.dll
0x00007ffb84ad0000 - 0x00007ffb84ada000 	C:\WINDOWS\SYSTEM32\VERSION.dll
0x00007ffb8a510000 - 0x00007ffb8a522000 	C:\WINDOWS\SYSTEM32\kernel.appcore.dll
0x00007ffb88a70000 - 0x00007ffb88a80000 	C:\Program Files\BellSoft\LibericaJDK-11\bin\verify.dll
0x00007ffb8a0b0000 - 0x00007ffb8a294000 	C:\WINDOWS\SYSTEM32\DBGHELP.DLL
0x00007ffb88cb0000 - 0x00007ffb88cdc000 	C:\WINDOWS\SYSTEM32\dbgcore.DLL
0x00007ffb8bf90000 - 0x00007ffb8c012000 	C:\WINDOWS\System32\bcryptPrimitives.dll
0x00007ffb83d10000 - 0x00007ffb83d38000 	C:\Program Files\BellSoft\LibericaJDK-11\bin\java.dll
0x00007ffb889f0000 - 0x00007ffb889fa000 	C:\Program Files\BellSoft\LibericaJDK-11\bin\jimage.dll
0x00007ffb8a3b0000 - 0x00007ffb8a3be000 	C:\Program Files\BellSoft\LibericaJDK-11\bin\instrument.dll
0x00007ffb839e0000 - 0x00007ffb839f7000 	C:\Program Files\BellSoft\LibericaJDK-11\bin\zip.dll

dbghelp: loaded successfully - version: 4.0.5 - missing functions: none
symbol engine: initialized successfully - sym options: 0x614 - pdb path: .;C:\Program Files\BellSoft\LibericaJDK-11\bin;C:\WINDOWS\SYSTEM32;C:\WINDOWS\WinSxS\amd64_microsoft.windows.common-controls_6595b64144ccf1df_6.0.19041.1110_none_60b5254171f9507e;C:\Program Files\BellSoft\LibericaJDK-11\bin\server

VM Arguments:
jvm_args: -Dmaven.multiModuleProjectDirectory=D:\Learning\GB\SPRING 2\4 to GIT\GBSpring2\spring-web -Dmaven.home=C:\Users\ekhaziev\.m2\wrapper\dists\apache-maven-3.8.3-bin\5a6n1u8or3307vo2u2jgmkhm0t\apache-maven-3.8.3 -Dclassworlds.conf=C:\Users\ekhaziev\.m2\wrapper\dists\apache-maven-3.8.3-bin\5a6n1u8or3307vo2u2jgmkhm0t\apache-maven-3.8.3\bin\m2.conf -Dmaven.ext.class.path=D:\JetBrains\IntelliJ IDEA 2021.3.1\plugins\maven\lib\maven-event-listener.jar -javaagent:D:\JetBrains\IntelliJ IDEA 2021.3.1\lib\idea_rt.jar=59396:D:\JetBrains\IntelliJ IDEA 2021.3.1\bin -Dfile.encoding=UTF-8 
java_command: org.codehaus.classworlds.Launcher -Didea.version=2021.3.1 org.codehaus.mojo:jaxb2-maven-plugin:2.5.0:xjc
java_class_path (initial): C:\Users\ekhaziev\.m2\wrapper\dists\apache-maven-3.8.3-bin\5a6n1u8or3307vo2u2jgmkhm0t\apache-maven-3.8.3\boot\plexus-classworlds-2.6.0.jar;C:\Users\ekhaziev\.m2\wrapper\dists\apache-maven-3.8.3-bin\5a6n1u8or3307vo2u2jgmkhm0t\apache-maven-3.8.3\boot\plexus-classworlds.license
Launcher Type: SUN_STANDARD

[Global flags]
     intx CICompilerCount                          = 4                                         {product} {ergonomic}
     uint ConcGCThreads                            = 2                                         {product} {ergonomic}
     uint G1ConcRefinementThreads                  = 8                                         {product} {ergonomic}
   size_t G1HeapRegionSize                         = 1048576                                   {product} {ergonomic}
    uintx GCDrainStackTargetSize                   = 64                                        {product} {ergonomic}
   size_t InitialHeapSize                          = 132120576                                 {product} {ergonomic}
   size_t MarkStackSize                            = 4194304                                   {product} {ergonomic}
   size_t MaxHeapSize                              = 2088763392                                {product} {ergonomic}
   size_t MinHeapDeltaBytes                        = 1048576                                   {product} {ergonomic}
    uintx NonNMethodCodeHeapSize                   = 5836300                                {pd product} {ergonomic}
    uintx NonProfiledCodeHeapSize                  = 122910970                              {pd product} {ergonomic}
    uintx ProfiledCodeHeapSize                     = 122910970                              {pd product} {ergonomic}
    uintx ReservedCodeCacheSize                    = 251658240                              {pd product} {ergonomic}
     bool SegmentedCodeCache                       = true                                      {product} {ergonomic}
     bool UseCompressedClassPointers               = true                                 {lp64_product} {ergonomic}
     bool UseCompressedOops                        = true                                 {lp64_product} {ergonomic}
     bool UseG1GC                                  = true                                      {product} {ergonomic}
     bool UseLargePagesIndividualAllocation        = false                                  {pd product} {ergonomic}

Logging:
Log output configuration:
 #0: stdout all=warning uptime,level,tags
 #1: stderr all=off uptime,level,tags

Environment Variables:
JAVA_HOME=C:\Program Files\BellSoft\LibericaJDK-11\
PATH=C:\Program Files\BellSoft\LibericaJDK-11\bin\;C:\Program Files\AdoptOpenJDK\jdk-8.0.222.10-hotspot\bin;C:\Program Files (x86)\Common Files\Oracle\Java\javapath;C:\ProgramData\Oracle\Java\javapath;C:\WINDOWS\system32;C:\WINDOWS;C:\WINDOWS\System32\Wbem;C:\WINDOWS\System32\WindowsPowerShell\v1.0\;C:\WINDOWS\System32\OpenSSH\;C:\Program Files\PuTTY\;C:\Program Files\dotnet\;C:\Program Files\Microsoft SQL Server\130\Tools\Binn\;C:\Program Files\Git\cmd;C:\Program Files (x86)\dotnet\;C:\Program Files\terraform;C:\Program Files\Microsoft SQL Server\Client SDK\ODBC\170\Tools\Binn\;C:\Program Files (x86)\QuickTime\QTSystem\;C:\Program Files\Amazon\AWSCLIV2\;C:\ProgramData\chocolatey\bin;C:\Program Files\Memurai\;C:\Program Files\MySQL\MySQL Shell 8.0\bin\;C:\Users\ekhaziev\AppData\Local\Microsoft\WindowsApps;;D:\JetBrains\IntelliJ IDEA 2021.3.1\bin;;C:\Users\ekhaziev\.dotnet\tools;C:\Users\ekhaziev\AppData\Local\Programs\Microsoft VS Code\bin
USERNAME=EKhaziev
OS=Windows_NT
PROCESSOR_IDENTIFIER=Intel64 Family 6 Model 142 Stepping 12, GenuineIntel



---------------  S Y S T E M  ---------------

OS: Windows 10 , 64 bit Build 19041 (10.0.19041.1348)
OS uptime: 5 days 0:49 hours
Hyper-V role detected

CPU:total 8 (initial active 8) (4 cores per cpu, 2 threads per core) family 6 model 142 stepping 12 microcode 0xde, cmov, cx8, fxsr, mmx, sse, sse2, sse3, ssse3, sse4.1, sse4.2, popcnt, avx, avx2, aes, clmul, erms, 3dnowpref, lzcnt, ht, tsc, tscinvbit, bmi1, bmi2, adx, fma

Memory: 4k page, system-wide physical 7965M (241M free)
TotalPageFile size 21633M (AvailPageFile size 123M)
current process WorkingSet (physical memory assigned to process): 11M, peak: 11M
current process commit charge ("private bytes"): 60M, peak: 186M

vm_info: OpenJDK 64-Bit Server VM (11.0.12+7-LTS) for windows-amd64 JRE (11.0.12+7-LTS), built on Jul  9 2021 16:11:21 by "" with unknown MS VC++:1916

END.
